Machine model: MacBookPro17,1
OS version: 23G93
Boot arguments: 
Boot time: Wed Jan 22 14:39:49 2025



*** Sampled system activity (Fri Jan 24 22:21:59 2025 +0100) (5009.52ms elapsed) ***

*** Running tasks ***

Name                               ID     CPU ms/s  User%  Deadlines (<2 ms, 2-5 ms)  Wakeups (Intr, Pkg idle)
DEAD_TASKS                         -1     134.03    86.23  0.00    0.00               0.00    0.00              
Code Helper (Renderer)             30634  148.74    88.93  25.33   13.16              45.87   4.19              
Code Helper (GPU)                  4020   157.17    74.15  0.00    0.00               122.46  8.38              
WindowServer                       155    287.69    61.18  0.20    0.00               360.40  22.34             
powermetrics                       36541  1.82      11.79  0.00    0.00               0.20    0.00              
powermetrics                       77426  3.50      7.87   0.00    0.00               0.20    0.00              
powermetrics                       36238  2.12      10.45  0.00    0.00               0.20    0.00              
powermetrics                       36979  1.79      12.87  0.00    0.00               0.20    0.00              
powermetrics                       35775  1.94      12.87  0.00    0.00               0.20    0.00              
powermetrics                       36094  1.82      13.36  0.00    0.00               0.20    0.00              
powermetrics                       36676  1.97      10.46  0.00    0.00               0.20    0.00              
powermetrics                       36378  1.82      13.14  0.00    0.00               0.20    0.00              
kernel_task                        0      73.17     0.00   154.37  1.99               949.37  332.28            
launchd                            1      35.35     0.35   0.00    0.00               0.20    0.00              
Code Helper (Plugin)               30697  4.16      68.65  5.39    0.00               7.38    0.20              
Code Helper                        30698  0.67      53.93  4.39    0.00               4.99    0.00              
Code Helper                        4709   5.11      32.50  13.16   0.00               18.55   0.60              
Electron                           4017   7.43      80.56  1.40    0.00               2.59    0.00              
node                               55925  2.73      75.80  33.91   0.20               67.01   4.19              
Code Helper                        4200   0.48      82.05  1.00    0.00               1.60    0.00              
Code Helper                        4021   0.44      69.07  0.00    0.00               1.00    0.00              
airportd                           187    2.84      63.25  0.00    0.00               1.00    0.00              
WallpaperVideoExtension            518    4.02      71.45  0.00    0.00               57.64   4.19              
Code Helper (Renderer)             43332  2.01      90.15  0.00    0.00               0.80    0.00              
bluetoothd                         149    2.80      70.64  0.00    0.00               0.60    0.20              
logd                               87     1.85      61.70  0.00    0.00               0.00    0.00              
Code Helper (Plugin)               43387  0.27      58.30  1.20    0.00               1.99    0.20              
com.apple.AmbientDisplayAgent      388    1.19      69.89  0.00    0.00               0.00    0.00              
audioclocksyncd                    270    1.48      59.37  0.00    0.00               0.00    0.00              
corebrightnessd                    152    1.05      59.11  0.00    0.00               0.00    0.00              
notifyd                            150    0.20      39.27  0.00    0.00               0.00    0.00              
fseventsd                          92     0.64      22.08  0.00    0.00               1.00    0.40              
Google Chrome                      77082  0.74      81.73  0.00    0.00               1.00    0.00              
AXVisualSupportAgent               436    0.85      72.60  0.00    0.00               9.97    1.00              
Google Chrome Helper (Renderer)    77101  1.21      93.96  0.00    0.00               2.39    0.20              
thermalmonitord                    126    0.64      33.86  0.00    0.00               1.00    0.00              
cpptools                           31211  0.15      55.63  0.00    0.00               2.79    0.00              
opendirectoryd                     127    0.25      51.72  0.00    0.00               0.00    0.00              
distnoted                          410    0.34      94.24  0.00    0.00               0.00    0.00              
nearbyd                            472    0.42      60.01  0.00    0.00               1.00    0.00              
coreaudiod                         199    0.67      63.10  0.00    0.00               0.00    0.00              
TouchBarServer                     250    0.40      69.00  0.00    0.00               0.00    0.00              
Code Helper                        28854  0.50      39.34  0.80    0.00               1.40    0.00              
distnoted                          140    0.33      55.56  0.00    0.00               0.00    0.00              
Code Helper (Plugin)               28853  0.52      65.15  1.20    0.00               2.19    0.40              
Code Helper                        43388  0.44      38.66  0.80    0.00               1.40    0.00              
sharingd                           478    0.39      76.27  0.00    0.00               0.60    0.00              
PerfPowerServices                  45453  0.27      55.71  0.00    0.00               0.40    0.20              
locationd                          134    0.21      68.18  0.00    0.00               0.60    0.00              
bluetoothuserd                     73010  0.22      59.58  0.00    0.00               0.00    0.00              
fileproviderd                      463    0.24      54.43  0.00    0.00               2.19    0.20              
Code Helper (Renderer)             28806  0.26      90.14  0.00    0.00               0.20    0.00              
node                               29404  0.22      83.80  1.00    0.00               1.99    0.00              
Finder                             484    0.13      42.99  0.00    0.00               0.20    0.00              
mDNSResponder                      198    0.20      46.81  1.40    0.00               3.19    0.00              
wifip2pd                           57967  0.11      59.96  0.00    0.00               0.40    0.00              
configd                            99     0.11      26.37  0.00    0.00               0.00    0.00              
watchdogd                          112    0.10      34.20  0.00    0.00               0.20    0.00              
cpptools-srv                       70387  0.07      18.25  0.00    0.00               1.00    0.00              
appleh13camerad                    293    0.09      28.64  0.00    0.00               1.00    0.20              
Google Chrome Helper (GPU)         77088  0.13      71.93  0.00    0.00               0.40    0.00              
mds                                116    0.09      52.68  0.00    0.00               0.60    0.20              
cpptools-srv                       69403  0.07      17.55  0.00    0.00               1.00    0.00              
WirelessRadioManagerd              265    0.11      65.41  0.00    0.00               0.00    0.00              
Code Helper (Plugin)               29927  0.04      61.53  0.40    0.00               0.80    0.20              
Code Helper (Plugin)               51688  0.03      58.71  0.40    0.00               0.80    0.20              
com.apple.geod                     73673  0.12      65.46  0.00    0.00               0.20    0.00              
Code Helper (Plugin)               29330  0.04      67.15  0.40    0.00               0.80    0.00              
nsurlsessiond                      431    0.06      22.83  0.00    0.00               0.20    0.00              
Code Helper (Plugin)               31500  0.04      65.70  0.40    0.00               0.80    0.00              
symptomsd                          238    0.03      33.30  0.00    0.00               0.20    0.00              
mobiletimerd                       76404  0.07      23.41  0.00    0.00               0.20    0.20              
Google Chrome Helper               77090  0.08      61.68  0.00    0.00               0.60    0.00              
uninstalld                         91     0.07      34.93  0.00    0.00               0.20    0.00              
Google Chrome Helper               77089  0.08      76.31  0.00    0.00               0.60    0.00              
appstoreagent                      65987  0.06      30.94  0.00    0.00               0.20    0.00              
gamecontrollerd                    72971  0.05      40.77  0.00    0.00               0.20    0.00              
gamecontrolleragentd               72972  0.04      43.88  0.00    0.00               0.20    0.00              
mDNSResponderHelper                249    0.04      46.58  0.00    0.00               1.00    0.00              
distnoted                          707    0.03      22.39  0.00    0.00               0.00    0.00              
distnoted                          412    0.03      27.69  0.00    0.00               0.00    0.00              
photoanalysisd                     75587  0.01      26.56  0.00    0.00               0.20    0.00              
trustd                             442    0.04      70.56  0.00    0.00               0.40    0.00              
distnoted                          704    0.03      26.59  0.00    0.00               0.00    0.00              
Code Helper (Plugin)               43765  0.05      64.31  0.40    0.00               0.80    0.20              
Transporter                        77127  0.03      45.09  0.00    0.00               0.40    0.00              
distnoted                          691    0.02      32.59  0.00    0.00               0.00    0.00              
distnoted                          339    0.02      31.49  0.00    0.00               0.00    0.00              
distnoted                          206    0.02      33.63  0.00    0.00               0.00    0.00              
distnoted                          228    0.02      32.25  0.00    0.00               0.00    0.00              
distnoted                          99015  0.02      29.47  0.00    0.00               0.00    0.00              
distnoted                          1003   0.02      29.67  0.00    0.00               0.00    0.00              
distnoted                          341    0.02      34.21  0.00    0.00               0.00    0.00              
Google Chrome Helper               77113  0.03      84.51  0.00    0.00               0.40    0.20              
com.apple.audio.Core-Audio-Drive   73009  0.04      28.04  0.00    0.00               1.00    0.00              
distnoted                          217    0.02      36.96  0.00    0.00               0.00    0.00              
parsecd                            77122  0.02      33.73  0.00    0.00               0.40    0.00              
distnoted                          281    0.02      34.03  0.00    0.00               0.00    0.00              
amsaccountsd                       67492  0.01      25.20  0.00    0.00               0.20    0.00              
distnoted                          276    0.02      35.72  0.00    0.00               0.00    0.00              
distnoted                          364    0.02      34.26  0.00    0.00               0.00    0.00              
distnoted                          3833   0.02      35.01  0.00    0.00               0.00    0.00              
distnoted                          348    0.02      35.21  0.00    0.00               0.00    0.00              
assistantd                         45340  0.01      28.27  0.00    0.00               0.20    0.00              
ControlCenter                      482    0.03      13.76  0.00    0.00               0.20    0.00              
Google Chrome Helper (Renderer)    77315  0.02      79.20  0.00    0.00               0.20    0.00              
searchpartyd                       346    0.01      35.08  0.00    0.00               0.20    0.20              
Code Helper (Plugin)               31529  0.03      66.71  0.20    0.00               0.40    0.00              
Code Helper (Plugin)               43842  0.03      62.46  0.20    0.00               0.40    0.00              
Code Helper (Plugin)               29317  0.03      61.50  0.20    0.00               0.40    0.20              
Code Helper (Plugin)               36793  0.03      59.02  0.20    0.00               0.40    0.20              
replayd                            47519  0.02      44.18  0.00    0.00               0.20    0.00              
KernelEventAgent                   146    0.02      21.14  0.00    0.00               0.20    0.00              
com.apple.geod                     71646  0.01      27.75  0.00    0.00               0.20    0.00              
akd                                67319  0.02      43.73  0.00    0.00               0.20    0.00              
calaccessd                         73183  0.01      25.77  0.00    0.00               0.20    0.00              
idleassetsd                        66483  0.02      48.26  0.00    0.00               0.20    0.00              
chronod                            55116  0.02      27.91  0.00    0.00               0.20    0.00              
CommCenter                         72976  0.01      27.25  0.00    0.00               0.20    0.20              
amsengagementd                     76405  0.01      41.37  0.00    0.00               0.20    0.00              
com.apple.geod                     71650  0.01      32.46  0.00    0.00               0.20    0.00              
nsurlsessiond                      200    0.01      30.07  0.00    0.00               0.20    0.00              
contextstored                      163    0.01      29.69  0.00    0.00               0.20    0.00              
itunescloudd                       77124  0.01      44.28  0.00    0.00               0.20    0.00              
syslogd                            123    0.01      17.18  0.00    0.00               0.20    0.00              
networkserviceproxy                73692  0.01      29.88  0.00    0.00               0.20    0.00              
awdd                               469    0.01      21.37  0.00    0.00               0.20    0.20              
routined                           66892  0.01      28.85  0.00    0.00               0.20    0.00              
homed                              35236  0.01      23.79  0.00    0.00               0.20    0.00              
searchpartyuseragent               724    0.01      25.49  0.00    0.00               0.20    0.00              
ALL_TASKS                          -2     905.34    63.66  248.53  15.37              1701.56 381.87            


**** Battery and backlight usage ****

Battery: percent_charge: 100


**** Network activity ****

out: 2.00 packets/s, 1045.81 bytes/s
in:  2.99 packets/s, 213.99 bytes/s


**** Disk activity ****

read: 0.00 ops/s 0.00 KBytes/s
write: 55.69 ops/s 506.94 KBytes/s

****  Interrupt distribution ****

CPU 0:
	Total IRQ: 2588.27 interrupts/sec
	|-> IPI: 1675.61 interrupts/sec
	|-> TIMER: 592.07 interrupts/sec
CPU 1:
	Total IRQ: 2261.50 interrupts/sec
	|-> IPI: 1467.61 interrupts/sec
	|-> TIMER: 574.51 interrupts/sec
CPU 2:
	Total IRQ: 1828.72 interrupts/sec
	|-> IPI: 1389.76 interrupts/sec
	|-> TIMER: 317.40 interrupts/sec
CPU 3:
	Total IRQ: 1320.89 interrupts/sec
	|-> IPI: 1113.48 interrupts/sec
	|-> TIMER: 129.95 interrupts/sec
CPU 4:
	Total IRQ: 262.70 interrupts/sec
	|-> IPI: 179.06 interrupts/sec
	|-> TIMER: 55.10 interrupts/sec
CPU 5:
	Total IRQ: 228.57 interrupts/sec
	|-> IPI: 140.93 interrupts/sec
	|-> TIMER: 69.87 interrupts/sec
CPU 6:
	Total IRQ: 221.38 interrupts/sec
	|-> IPI: 160.10 interrupts/sec
	|-> TIMER: 43.32 interrupts/sec
CPU 7:
	Total IRQ: 179.06 interrupts/sec
	|-> IPI: 127.56 interrupts/sec
	|-> TIMER: 38.53 interrupts/sec



**** Processor usage ****

E-Cluster HW active frequency: 1104 MHz
E-Cluster HW active residency:  48.62% (600 MHz:   0% 972 MHz:  84% 1332 MHz: 5.4% 1704 MHz: 2.0% 2064 MHz: 9.0%)
E-Cluster idle residency:  51.38%
CPU 0 frequency: 1081 MHz
CPU 0 active residency:  25.43% (600 MHz:   0% 972 MHz:  22% 1332 MHz: 1.6% 1704 MHz: .65% 2064 MHz: 1.6%)
CPU 0 idle residency:  74.57%
CPU 1 frequency: 1075 MHz
CPU 1 active residency:  26.12% (600 MHz:   0% 972 MHz:  22% 1332 MHz: 1.8% 1704 MHz: .58% 2064 MHz: 1.5%)
CPU 1 idle residency:  73.88%
CPU 2 frequency: 1073 MHz
CPU 2 active residency:  18.13% (600 MHz:   0% 972 MHz:  16% 1332 MHz: 1.2% 1704 MHz: .45% 2064 MHz: 1.0%)
CPU 2 idle residency:  81.87%
CPU 3 frequency: 1061 MHz
CPU 3 active residency:  11.49% (600 MHz:   0% 972 MHz: 9.9% 1332 MHz: .78% 1704 MHz: .30% 2064 MHz: .48%)
CPU 3 idle residency:  88.51%

P-Cluster HW active frequency: 1011 MHz
P-Cluster HW active residency:  14.96% (600 MHz:  76% 828 MHz: 1.5% 1056 MHz: 2.3% 1284 MHz: 1.7% 1500 MHz: 2.0% 1728 MHz: 1.6% 1956 MHz: 1.2% 2184 MHz: .84% 2388 MHz: .74% 2592 MHz: .87% 2772 MHz: .67% 2988 MHz: .90% 3096 MHz: .54% 3144 MHz: .26% 3204 MHz: 8.9%)
P-Cluster idle residency:  85.04%
CPU 4 frequency: 2568 MHz
CPU 4 active residency:   6.03% (600 MHz: .03% 828 MHz: .28% 1056 MHz: .47% 1284 MHz: .29% 1500 MHz: .16% 1728 MHz: .33% 1956 MHz: .34% 2184 MHz: .03% 2388 MHz: .16% 2592 MHz: .09% 2772 MHz: .22% 2988 MHz: .27% 3096 MHz: .00% 3144 MHz: .02% 3204 MHz: 3.4%)
CPU 4 idle residency:  93.97%
CPU 5 frequency: 2621 MHz
CPU 5 active residency:   4.73% (600 MHz: .06% 828 MHz: .18% 1056 MHz: .38% 1284 MHz: .32% 1500 MHz: .09% 1728 MHz: .07% 1956 MHz: .07% 2184 MHz: .17% 2388 MHz: .03% 2592 MHz: .11% 2772 MHz: .19% 2988 MHz: .16% 3096 MHz: .09% 3144 MHz: .01% 3204 MHz: 2.8%)
CPU 5 idle residency:  95.27%
CPU 6 frequency: 2738 MHz
CPU 6 active residency:   4.39% (600 MHz: .01% 828 MHz: .07% 1056 MHz: .18% 1284 MHz: .22% 1500 MHz: .31% 1728 MHz: .09% 1956 MHz: .04% 2184 MHz: .02% 2388 MHz: .01% 2592 MHz: .30% 2772 MHz: .23% 2988 MHz: .03% 3096 MHz: .03% 3144 MHz: .15% 3204 MHz: 2.7%)
CPU 6 idle residency:  95.61%
CPU 7 frequency: 2567 MHz
CPU 7 active residency:   3.29% (600 MHz: .02% 828 MHz: .05% 1056 MHz: .18% 1284 MHz: .22% 1500 MHz: .41% 1728 MHz: .09% 1956 MHz: .05% 2184 MHz: .02% 2388 MHz: .02% 2592 MHz: .06% 2772 MHz: .33% 2988 MHz: .03% 3096 MHz: .00% 3144 MHz: .06% 3204 MHz: 1.7%)
CPU 7 idle residency:  96.71%

CPU Power: 522 mW
GPU Power: 28 mW
ANE Power: 0 mW
Combined Power (CPU + GPU + ANE): 550 mW

**** GPU usage ****

GPU HW active frequency: 708 MHz
GPU HW active residency:  26.73% (396 MHz: 1.0% 528 MHz:   0% 720 MHz:  26% 924 MHz:   0% 1128 MHz:   0% 1278 MHz:   0%)
GPU SW requested state: (P1 :   0% P2 :   0% P3 : 100% P4 :   0% P5 :   0% P6 :   0%)
GPU SW state: (SW_P1 :   0% SW_P2 :   0% SW_P3 :   0% SW_P4 :   0% SW_P5 :   0% SW_P6 :   0%)
GPU idle residency:  73.27%
GPU Power: 28 mW

